Using pre-set license
Built from '2020.3/staging' branch; Version is '2020.3.4f1 (0abb6314276a) revision 703331'; Using compiler version '192528614'; Build Type 'Release'
OS: 'Windows 10 Pro; OS build 19042.985; Version 2009; 64bit' Language: 'ko' Physical Memory: 16315 MB
BatchMode: 1, IsHumanControllingUs: 0, StartBugReporterOnCrash: 0, Is64bit: 1, IsPro: 0

 COMMAND LINE ARGUMENTS:
C:\Program Files\Unity\Hub\Editor\2020.3.4f1\Editor\Unity.exe
-adb2
-batchMode
-noUpm
-name
AssetImportWorker0
-projectPath
D:/Git Project/XRRAPA_Shooting/FirstPersonShooting/FirstPersonShooting
-logFile
Logs/AssetImportWorker0.log
-srvPort
59480
Successfully changed project path to: D:/Git Project/XRRAPA_Shooting/FirstPersonShooting/FirstPersonShooting
D:/Git Project/XRRAPA_Shooting/FirstPersonShooting/FirstPersonShooting
Using Asset Import Pipeline V2.
Refreshing native plugins compatible for Editor in 19.39 ms, found 0 plugins.
Preloading 0 native plugins for Editor in 0.00 ms.
Initialize engine version: 2020.3.4f1 (0abb6314276a)
[Subsystems] Discovering subsystems at path C:/Program Files/Unity/Hub/Editor/2020.3.4f1/Editor/Data/Resources/UnitySubsystems
[Subsystems] Discovering subsystems at path D:/Git Project/XRRAPA_Shooting/FirstPersonShooting/FirstPersonShooting/Assets
GfxDevice: creating device client; threaded=0
Direct3D:
    Version:  Direct3D 11.0 [level 11.1]
    Renderer: NVIDIA GeForce RTX 2070 (ID=0x1f02)
    Vendor:   
    VRAM:     8031 MB
    Driver:   27.21.14.5751
Initialize mono
Mono path[0] = 'C:/Program Files/Unity/Hub/Editor/2020.3.4f1/Editor/Data/Managed'
Mono path[1] = 'C:/Program Files/Unity/Hub/Editor/2020.3.4f1/Editor/Data/MonoBleedingEdge/lib/mono/unityjit'
Mono config path = 'C:/Program Files/Unity/Hub/Editor/2020.3.4f1/Editor/Data/MonoBleedingEdge/etc'
Using monoOptions --debugger-agent=transport=dt_socket,embedding=1,server=y,suspend=n,address=127.0.0.1:56972
Begin MonoManager ReloadAssembly
Registering precompiled unity dll's ...
Register platform support module: C:/Program Files/Unity/Hub/Editor/2020.3.4f1/Editor/Data/PlaybackEngines/WindowsStandaloneSupport/UnityEditor.WindowsStandalone.Extensions.dll
Registered in 0.001658 seconds.
Native extension for WindowsStandalone target not found
Refreshing native plugins compatible for Editor in 19.26 ms, found 0 plugins.
Preloading 0 native plugins for Editor in 0.00 ms.
Mono: successfully reloaded assembly
- Completed reload, in  1.454 seconds
Platform modules already initialized, skipping
Registering precompiled user dll's ...
Registered in 0.000439 seconds.
Begin MonoManager ReloadAssembly
Native extension for WindowsStandalone target not found
Refreshing native plugins compatible for Editor in 0.18 ms, found 0 plugins.
Preloading 0 native plugins for Editor in 0.00 ms.
Mono: successfully reloaded assembly
- Completed reload, in  0.700 seconds
Platform modules already initialized, skipping
========================================================================
Worker process is ready to serve import requests
Launched and connected shader compiler UnityShaderCompiler.exe after 0.04 seconds
Refreshing native plugins compatible for Editor in 0.18 ms, found 0 plugins.
Preloading 0 native plugins for Editor in 0.00 ms.
Unloading 1117 Unused Serialized files (Serialized files now loaded: 0)
System memory in use before: 59.8 MB.
System memory in use after: 59.8 MB.

Unloading 10 unused Assets to reduce memory usage. Loaded Objects now: 1559.
Total: 1.569400 ms (FindLiveObjects: 0.125000 ms CreateObjectMapping: 0.033000 ms MarkObjects: 1.348100 ms  DeleteObjects: 0.062500 ms)

========================================================================
Received Import Request.
  path: Assets/Scripts/PlayerMove.cs
  artifactKey: Guid(bc5abb39d6cc0be48be479616e1e6a85) Importer(815301076,1909f56bfc062723c751e8b465ee728b)
Start importing Assets/Scripts/PlayerMove.cs using Guid(bc5abb39d6cc0be48be479616e1e6a85) Importer(815301076,1909f56bfc062723c751e8b465ee728b)  -> (artifact id: '34f4431e982e501bde564414fa16ef11') in 0.037465 seconds
  Import took 0.039828 seconds .

========================================================================
Received Prepare
Registering precompiled user dll's ...
Registered in 0.000483 seconds.
Begin MonoManager ReloadAssembly
Native extension for WindowsStandalone target not found
Refreshing native plugins compatible for Editor in 0.50 ms, found 0 plugins.
Preloading 0 native plugins for Editor in 0.00 ms.
Mono: successfully reloaded assembly
- Completed reload, in  0.735 seconds
Platform modules already initialized, skipping
Refreshing native plugins compatible for Editor in 0.18 ms, found 0 plugins.
Preloading 0 native plugins for Editor in 0.00 ms.
Unloading 1112 Unused Serialized files (Serialized files now loaded: 0)
System memory in use before: 59.7 MB.
System memory in use after: 59.8 MB.

Unloading 5 unused Assets to reduce memory usage. Loaded Objects now: 1562.
Total: 1.459400 ms (FindLiveObjects: 0.145100 ms CreateObjectMapping: 0.036300 ms MarkObjects: 1.236600 ms  DeleteObjects: 0.040500 ms)

========================================================================
Received Import Request.
  Time since last request: 3981.369109 seconds.
  path: Assets/Scripts/PlayerMove.cs
  artifactKey: Guid(bc5abb39d6cc0be48be479616e1e6a85) Importer(815301076,1909f56bfc062723c751e8b465ee728b)
Start importing Assets/Scripts/PlayerMove.cs using Guid(bc5abb39d6cc0be48be479616e1e6a85) Importer(815301076,1909f56bfc062723c751e8b465ee728b)  -> (artifact id: 'f5526d2cea1ff331fad9df36896e8d07') in 0.003111 seconds
  Import took 0.004681 seconds .

========================================================================
Received Prepare
Registering precompiled user dll's ...
Registered in 0.000446 seconds.
Begin MonoManager ReloadAssembly
Native extension for WindowsStandalone target not found
Refreshing native plugins compatible for Editor in 0.19 ms, found 0 plugins.
Preloading 0 native plugins for Editor in 0.00 ms.
Mono: successfully reloaded assembly
- Completed reload, in  0.701 seconds
Platform modules already initialized, skipping
Refreshing native plugins compatible for Editor in 0.20 ms, found 0 plugins.
Preloading 0 native plugins for Editor in 0.00 ms.
Unloading 1112 Unused Serialized files (Serialized files now loaded: 0)
System memory in use before: 59.8 MB.
System memory in use after: 59.8 MB.

Unloading 5 unused Assets to reduce memory usage. Loaded Objects now: 1565.
Total: 4.490900 ms (FindLiveObjects: 0.429500 ms CreateObjectMapping: 0.158900 ms MarkObjects: 3.786400 ms  DeleteObjects: 0.113800 ms)

========================================================================
Received Prepare
Registering precompiled user dll's ...
Registered in 0.000785 seconds.
Begin MonoManager ReloadAssembly
Native extension for WindowsStandalone target not found
Refreshing native plugins compatible for Editor in 0.23 ms, found 0 plugins.
Preloading 0 native plugins for Editor in 0.00 ms.
Mono: successfully reloaded assembly
- Completed reload, in  0.812 seconds
Platform modules already initialized, skipping
Refreshing native plugins compatible for Editor in 0.21 ms, found 0 plugins.
Preloading 0 native plugins for Editor in 0.00 ms.
Unloading 1112 Unused Serialized files (Serialized files now loaded: 0)
System memory in use before: 59.8 MB.
System memory in use after: 59.8 MB.

Unloading 5 unused Assets to reduce memory usage. Loaded Objects now: 1568.
Total: 1.996900 ms (FindLiveObjects: 0.164600 ms CreateObjectMapping: 0.043700 ms MarkObjects: 1.680700 ms  DeleteObjects: 0.106500 ms)

========================================================================
Received Prepare
Registering precompiled user dll's ...
Registered in 0.000554 seconds.
Begin MonoManager ReloadAssembly
Native extension for WindowsStandalone target not found
Refreshing native plugins compatible for Editor in 0.20 ms, found 0 plugins.
Preloading 0 native plugins for Editor in 0.00 ms.
Mono: successfully reloaded assembly
- Completed reload, in  0.802 seconds
Platform modules already initialized, skipping
Refreshing native plugins compatible for Editor in 0.19 ms, found 0 plugins.
Preloading 0 native plugins for Editor in 0.00 ms.
Unloading 1112 Unused Serialized files (Serialized files now loaded: 0)
System memory in use before: 59.8 MB.
System memory in use after: 59.9 MB.

Unloading 5 unused Assets to reduce memory usage. Loaded Objects now: 1571.
Total: 1.526400 ms (FindLiveObjects: 0.142900 ms CreateObjectMapping: 0.034900 ms MarkObjects: 1.303600 ms  DeleteObjects: 0.043700 ms)

========================================================================
Received Import Request.
  Time since last request: 2535.355163 seconds.
  path: ProjectSettings/TagManager.asset
  artifactKey: Guid(00000000000000003000000000000000) Importer(815301076,1909f56bfc062723c751e8b465ee728b)
Start importing ProjectSettings/TagManager.asset using Guid(00000000000000003000000000000000) Importer(815301076,1909f56bfc062723c751e8b465ee728b)  -> (artifact id: '5cdd425f01cf626211dd37e1af0dc49e') in 0.018333 seconds
  Import took 0.020334 seconds .

========================================================================
Received Prepare
Registering precompiled user dll's ...
Registered in 0.000576 seconds.
Begin MonoManager ReloadAssembly
Native extension for WindowsStandalone target not found
Refreshing native plugins compatible for Editor in 0.18 ms, found 0 plugins.
Preloading 0 native plugins for Editor in 0.00 ms.
Mono: successfully reloaded assembly
- Completed reload, in  0.684 seconds
Platform modules already initialized, skipping
Refreshing native plugins compatible for Editor in 0.21 ms, found 0 plugins.
Preloading 0 native plugins for Editor in 0.00 ms.
Unloading 1112 Unused Serialized files (Serialized files now loaded: 0)
System memory in use before: 59.8 MB.
System memory in use after: 59.9 MB.

Unloading 6 unused Assets to reduce memory usage. Loaded Objects now: 1574.
Total: 3.643400 ms (FindLiveObjects: 0.433300 ms CreateObjectMapping: 0.115400 ms MarkObjects: 3.031100 ms  DeleteObjects: 0.060400 ms)

========================================================================
Received Import Request.
  Time since last request: 3646.866722 seconds.
  path: Assets/Scripts/PlayerFire.cs
  artifactKey: Guid(353f487e8230725409eb8b35626a696c) Importer(815301076,1909f56bfc062723c751e8b465ee728b)
Start importing Assets/Scripts/PlayerFire.cs using Guid(353f487e8230725409eb8b35626a696c) Importer(815301076,1909f56bfc062723c751e8b465ee728b)  -> (artifact id: 'b40acc32bc1a58f62737406c0d88d37f') in 0.012167 seconds
  Import took 0.014713 seconds .

========================================================================
Received Prepare
Registering precompiled user dll's ...
Registered in 0.000450 seconds.
Begin MonoManager ReloadAssembly
Native extension for WindowsStandalone target not found
Refreshing native plugins compatible for Editor in 0.22 ms, found 0 plugins.
Preloading 0 native plugins for Editor in 0.00 ms.
Mono: successfully reloaded assembly
- Completed reload, in  0.760 seconds
Platform modules already initialized, skipping
Refreshing native plugins compatible for Editor in 0.18 ms, found 0 plugins.
Preloading 0 native plugins for Editor in 0.00 ms.
Unloading 1113 Unused Serialized files (Serialized files now loaded: 0)
System memory in use before: 59.8 MB.
System memory in use after: 59.9 MB.

Unloading 5 unused Assets to reduce memory usage. Loaded Objects now: 1578.
Total: 1.841400 ms (FindLiveObjects: 0.208200 ms CreateObjectMapping: 0.082300 ms MarkObjects: 1.502800 ms  DeleteObjects: 0.047000 ms)

========================================================================
Received Prepare
Registering precompiled user dll's ...
Registered in 0.000821 seconds.
Begin MonoManager ReloadAssembly
Native extension for WindowsStandalone target not found
Refreshing native plugins compatible for Editor in 0.19 ms, found 0 plugins.
Preloading 0 native plugins for Editor in 0.00 ms.
Mono: successfully reloaded assembly
- Completed reload, in  0.766 seconds
Platform modules already initialized, skipping
Refreshing native plugins compatible for Editor in 0.43 ms, found 0 plugins.
Preloading 0 native plugins for Editor in 0.00 ms.
Unloading 1113 Unused Serialized files (Serialized files now loaded: 0)
System memory in use before: 59.8 MB.
System memory in use after: 59.9 MB.

Unloading 5 unused Assets to reduce memory usage. Loaded Objects now: 1581.
Total: 1.553600 ms (FindLiveObjects: 0.184800 ms CreateObjectMapping: 0.038800 ms MarkObjects: 1.276800 ms  DeleteObjects: 0.052000 ms)

========================================================================
Received Prepare
Registering precompiled user dll's ...
Registered in 0.000463 seconds.
Begin MonoManager ReloadAssembly
Native extension for WindowsStandalone target not found
Refreshing native plugins compatible for Editor in 0.18 ms, found 0 plugins.
Preloading 0 native plugins for Editor in 0.00 ms.
Mono: successfully reloaded assembly
- Completed reload, in  0.718 seconds
Platform modules already initialized, skipping
Refreshing native plugins compatible for Editor in 0.18 ms, found 0 plugins.
Preloading 0 native plugins for Editor in 0.00 ms.
Unloading 1113 Unused Serialized files (Serialized files now loaded: 0)
System memory in use before: 59.8 MB.
System memory in use after: 59.9 MB.

Unloading 5 unused Assets to reduce memory usage. Loaded Objects now: 1584.
Total: 1.688900 ms (FindLiveObjects: 0.264000 ms CreateObjectMapping: 0.059400 ms MarkObjects: 1.320200 ms  DeleteObjects: 0.043100 ms)

========================================================================
Received Import Request.
  Time since last request: 670.489732 seconds.
  path: Assets/Prefabs
  artifactKey: Guid(47cfb87309b5cec428f7f438bff4a57e) Importer(815301076,1909f56bfc062723c751e8b465ee728b)
Start importing Assets/Prefabs using Guid(47cfb87309b5cec428f7f438bff4a57e) Importer(815301076,1909f56bfc062723c751e8b465ee728b)  -> (artifact id: 'b84436460dacac977cefc35fe93529f6') in 0.008885 seconds
  Import took 0.010766 seconds .

========================================================================
Received Import Request.
  Time since last request: 3.616674 seconds.
  path: Assets/Prefabs/Bullet.prefab
  artifactKey: Guid(7a317af25b318aa4cb5c6382c73bef90) Importer(815301076,1909f56bfc062723c751e8b465ee728b)
Start importing Assets/Prefabs/Bullet.prefab using Guid(7a317af25b318aa4cb5c6382c73bef90) Importer(815301076,1909f56bfc062723c751e8b465ee728b)  -> (artifact id: '17162f29c45ef913d4fa7c07ebd7f1c5') in 0.110993 seconds
  Import took 0.113178 seconds .

========================================================================
Received Prepare
Registering precompiled user dll's ...
Registered in 0.000436 seconds.
Begin MonoManager ReloadAssembly
Native extension for WindowsStandalone target not found
Refreshing native plugins compatible for Editor in 0.33 ms, found 0 plugins.
Preloading 0 native plugins for Editor in 0.00 ms.
Mono: successfully reloaded assembly
- Completed reload, in  0.702 seconds
Platform modules already initialized, skipping
Refreshing native plugins compatible for Editor in 0.18 ms, found 0 plugins.
Preloading 0 native plugins for Editor in 0.00 ms.
Unloading 1113 Unused Serialized files (Serialized files now loaded: 0)
System memory in use before: 63.0 MB.
System memory in use after: 63.1 MB.

Unloading 6 unused Assets to reduce memory usage. Loaded Objects now: 1595.
Total: 1.567700 ms (FindLiveObjects: 0.117700 ms CreateObjectMapping: 0.035200 ms MarkObjects: 1.369300 ms  DeleteObjects: 0.044500 ms)

========================================================================
Received Prepare
Registering precompiled user dll's ...
Registered in 0.010498 seconds.
Begin MonoManager ReloadAssembly
Native extension for WindowsStandalone target not found
Refreshing native plugins compatible for Editor in 0.19 ms, found 0 plugins.
Preloading 0 native plugins for Editor in 0.00 ms.
Mono: successfully reloaded assembly
- Completed reload, in  0.676 seconds
Platform modules already initialized, skipping
Refreshing native plugins compatible for Editor in 0.19 ms, found 0 plugins.
Preloading 0 native plugins for Editor in 0.00 ms.
Unloading 1113 Unused Serialized files (Serialized files now loaded: 0)
System memory in use before: 63.0 MB.
System memory in use after: 63.1 MB.

Unloading 5 unused Assets to reduce memory usage. Loaded Objects now: 1598.
Total: 1.703000 ms (FindLiveObjects: 0.135800 ms CreateObjectMapping: 0.033600 ms MarkObjects: 1.490900 ms  DeleteObjects: 0.041400 ms)

========================================================================
Received Import Request.
  Time since last request: 5984.886425 seconds.
  path: Assets/Scripts/BulletAction.cs
  artifactKey: Guid(fbf1ee69c7ceef345b5393c6d426cf52) Importer(815301076,1909f56bfc062723c751e8b465ee728b)
Start importing Assets/Scripts/BulletAction.cs using Guid(fbf1ee69c7ceef345b5393c6d426cf52) Importer(815301076,1909f56bfc062723c751e8b465ee728b)  -> (artifact id: '8d44ec46fa511c407cc944124dc364f3') in 0.010167 seconds
  Import took 0.012632 seconds .

========================================================================
Received Prepare
Registering precompiled user dll's ...
Registered in 0.000465 seconds.
Begin MonoManager ReloadAssembly
Native extension for WindowsStandalone target not found
Refreshing native plugins compatible for Editor in 0.28 ms, found 0 plugins.
Preloading 0 native plugins for Editor in 0.00 ms.
Mono: successfully reloaded assembly
- Completed reload, in  0.776 seconds
Platform modules already initialized, skipping
Refreshing native plugins compatible for Editor in 0.66 ms, found 0 plugins.
Preloading 0 native plugins for Editor in 0.00 ms.
Unloading 1114 Unused Serialized files (Serialized files now loaded: 0)
System memory in use before: 63.0 MB.
System memory in use after: 63.1 MB.

Unloading 5 unused Assets to reduce memory usage. Loaded Objects now: 1602.
Total: 1.523300 ms (FindLiveObjects: 0.120300 ms CreateObjectMapping: 0.028700 ms MarkObjects: 1.329500 ms  DeleteObjects: 0.043900 ms)

========================================================================
Received Import Request.
  Time since last request: 329.273022 seconds.
  path: Assets/Prefabs/Bullet.prefab
  artifactKey: Guid(7a317af25b318aa4cb5c6382c73bef90) Importer(815301076,1909f56bfc062723c751e8b465ee728b)
Start importing Assets/Prefabs/Bullet.prefab using Guid(7a317af25b318aa4cb5c6382c73bef90) Importer(815301076,1909f56bfc062723c751e8b465ee728b)  -> (artifact id: 'ce6671d51e2c51fa307ccf242adbe7b9') in 0.073172 seconds
  Import took 0.075368 seconds .

========================================================================
Received Prepare
Registering precompiled user dll's ...
Registered in 0.000449 seconds.
Begin MonoManager ReloadAssembly
Native extension for WindowsStandalone target not found
Refreshing native plugins compatible for Editor in 0.22 ms, found 0 plugins.
Preloading 0 native plugins for Editor in 0.00 ms.
Mono: successfully reloaded assembly
- Completed reload, in  0.717 seconds
Platform modules already initialized, skipping
Refreshing native plugins compatible for Editor in 0.18 ms, found 0 plugins.
Preloading 0 native plugins for Editor in 0.00 ms.
Unloading 1114 Unused Serialized files (Serialized files now loaded: 0)
System memory in use before: 63.0 MB.
System memory in use after: 63.1 MB.

Unloading 6 unused Assets to reduce memory usage. Loaded Objects now: 1606.
Total: 1.538900 ms (FindLiveObjects: 0.114400 ms CreateObjectMapping: 0.037600 ms MarkObjects: 1.342900 ms  DeleteObjects: 0.043300 ms)

========================================================================
Received Prepare
Registering precompiled user dll's ...
Registered in 0.000431 seconds.
Begin MonoManager ReloadAssembly
Native extension for WindowsStandalone target not found
Refreshing native plugins compatible for Editor in 0.20 ms, found 0 plugins.
Preloading 0 native plugins for Editor in 0.00 ms.
Mono: successfully reloaded assembly
- Completed reload, in  0.741 seconds
Platform modules already initialized, skipping
Refreshing native plugins compatible for Editor in 0.18 ms, found 0 plugins.
Preloading 0 native plugins for Editor in 0.00 ms.
Unloading 1114 Unused Serialized files (Serialized files now loaded: 0)
System memory in use before: 63.0 MB.
System memory in use after: 63.1 MB.

Unloading 5 unused Assets to reduce memory usage. Loaded Objects now: 1609.
Total: 1.857800 ms (FindLiveObjects: 0.267900 ms CreateObjectMapping: 0.074400 ms MarkObjects: 1.469000 ms  DeleteObjects: 0.044400 ms)

========================================================================
Received Import Request.
  Time since last request: 566.861567 seconds.
  path: Assets/Scripts/PlayerRotate.cs
  artifactKey: Guid(361a313b839a5084f8315d67f83ee844) Importer(815301076,1909f56bfc062723c751e8b465ee728b)
Start importing Assets/Scripts/PlayerRotate.cs using Guid(361a313b839a5084f8315d67f83ee844) Importer(815301076,1909f56bfc062723c751e8b465ee728b)  -> (artifact id: 'd7dccd5c64d853e0da5774a190b5f0e2') in 0.006313 seconds
  Import took 0.008257 seconds .

========================================================================
Received Prepare
Registering precompiled user dll's ...
Registered in 0.000455 seconds.
Begin MonoManager ReloadAssembly
Native extension for WindowsStandalone target not found
Refreshing native plugins compatible for Editor in 0.26 ms, found 0 plugins.
Preloading 0 native plugins for Editor in 0.00 ms.
Mono: successfully reloaded assembly
- Completed reload, in  0.747 seconds
Platform modules already initialized, skipping
Refreshing native plugins compatible for Editor in 0.18 ms, found 0 plugins.
Preloading 0 native plugins for Editor in 0.00 ms.
Unloading 1114 Unused Serialized files (Serialized files now loaded: 0)
System memory in use before: 63.0 MB.
System memory in use after: 63.1 MB.

Unloading 5 unused Assets to reduce memory usage. Loaded Objects now: 1612.
Total: 3.672300 ms (FindLiveObjects: 0.410000 ms CreateObjectMapping: 0.105200 ms MarkObjects: 3.058800 ms  DeleteObjects: 0.095200 ms)

========================================================================
Received Prepare
Registering precompiled user dll's ...
Registered in 0.000474 seconds.
Begin MonoManager ReloadAssembly
Native extension for WindowsStandalone target not found
Refreshing native plugins compatible for Editor in 0.19 ms, found 0 plugins.
Preloading 0 native plugins for Editor in 0.00 ms.
Mono: successfully reloaded assembly
- Completed reload, in  0.709 seconds
Platform modules already initialized, skipping
Refreshing native plugins compatible for Editor in 0.18 ms, found 0 plugins.
Preloading 0 native plugins for Editor in 0.00 ms.
Unloading 1114 Unused Serialized files (Serialized files now loaded: 0)
System memory in use before: 63.1 MB.
System memory in use after: 63.1 MB.

Unloading 5 unused Assets to reduce memory usage. Loaded Objects now: 1615.
Total: 3.479100 ms (FindLiveObjects: 0.713200 ms CreateObjectMapping: 0.221700 ms MarkObjects: 2.426400 ms  DeleteObjects: 0.115300 ms)

========================================================================
Received Prepare
Registering precompiled user dll's ...
Registered in 0.000483 seconds.
Begin MonoManager ReloadAssembly
Native extension for WindowsStandalone target not found
Refreshing native plugins compatible for Editor in 0.19 ms, found 0 plugins.
Preloading 0 native plugins for Editor in 0.00 ms.
Mono: successfully reloaded assembly
- Completed reload, in  0.721 seconds
Platform modules already initialized, skipping
Refreshing native plugins compatible for Editor in 0.18 ms, found 0 plugins.
Preloading 0 native plugins for Editor in 0.00 ms.
Unloading 1114 Unused Serialized files (Serialized files now loaded: 0)
System memory in use before: 63.1 MB.
System memory in use after: 63.1 MB.

Unloading 5 unused Assets to reduce memory usage. Loaded Objects now: 1618.
Total: 1.691700 ms (FindLiveObjects: 0.137400 ms CreateObjectMapping: 0.051700 ms MarkObjects: 1.461000 ms  DeleteObjects: 0.040800 ms)

========================================================================
Received Prepare
Registering precompiled user dll's ...
Registered in 0.000446 seconds.
Begin MonoManager ReloadAssembly
Native extension for WindowsStandalone target not found
Refreshing native plugins compatible for Editor in 0.19 ms, found 0 plugins.
Preloading 0 native plugins for Editor in 0.00 ms.
Mono: successfully reloaded assembly
- Completed reload, in  0.744 seconds
Platform modules already initialized, skipping
Refreshing native plugins compatible for Editor in 0.18 ms, found 0 plugins.
Preloading 0 native plugins for Editor in 0.00 ms.
Unloading 1114 Unused Serialized files (Serialized files now loaded: 0)
System memory in use before: 63.1 MB.
System memory in use after: 63.1 MB.

Unloading 5 unused Assets to reduce memory usage. Loaded Objects now: 1621.
Total: 1.573400 ms (FindLiveObjects: 0.137800 ms CreateObjectMapping: 0.038600 ms MarkObjects: 1.355000 ms  DeleteObjects: 0.041200 ms)

========================================================================
Received Prepare
Registering precompiled user dll's ...
Registered in 0.000412 seconds.
Begin MonoManager ReloadAssembly
Native extension for WindowsStandalone target not found
Refreshing native plugins compatible for Editor in 0.18 ms, found 0 plugins.
Preloading 0 native plugins for Editor in 0.00 ms.
Mono: successfully reloaded assembly
- Completed reload, in  0.733 seconds
Platform modules already initialized, skipping
Refreshing native plugins compatible for Editor in 0.18 ms, found 0 plugins.
Preloading 0 native plugins for Editor in 0.00 ms.
Unloading 1114 Unused Serialized files (Serialized files now loaded: 0)
System memory in use before: 63.1 MB.
System memory in use after: 63.1 MB.

Unloading 5 unused Assets to reduce memory usage. Loaded Objects now: 1624.
Total: 2.355500 ms (FindLiveObjects: 0.268400 ms CreateObjectMapping: 0.058800 ms MarkObjects: 1.964300 ms  DeleteObjects: 0.063100 ms)

========================================================================
Received Prepare
Registering precompiled user dll's ...
Registered in 0.000468 seconds.
Begin MonoManager ReloadAssembly
Native extension for WindowsStandalone target not found
Refreshing native plugins compatible for Editor in 0.19 ms, found 0 plugins.
Preloading 0 native plugins for Editor in 0.00 ms.
Mono: successfully reloaded assembly
- Completed reload, in  0.688 seconds
Platform modules already initialized, skipping
Refreshing native plugins compatible for Editor in 0.18 ms, found 0 plugins.
Preloading 0 native plugins for Editor in 0.00 ms.
Unloading 1114 Unused Serialized files (Serialized files now loaded: 0)
System memory in use before: 63.1 MB.
System memory in use after: 63.1 MB.

Unloading 5 unused Assets to reduce memory usage. Loaded Objects now: 1627.
Total: 6.550100 ms (FindLiveObjects: 0.526600 ms CreateObjectMapping: 0.204500 ms MarkObjects: 5.686500 ms  DeleteObjects: 0.128300 ms)

========================================================================
Received Prepare
Registering precompiled user dll's ...
Registered in 0.000436 seconds.
Begin MonoManager ReloadAssembly
Native extension for WindowsStandalone target not found
Refreshing native plugins compatible for Editor in 0.19 ms, found 0 plugins.
Preloading 0 native plugins for Editor in 0.00 ms.
Mono: successfully reloaded assembly
- Completed reload, in  0.772 seconds
Platform modules already initialized, skipping
Refreshing native plugins compatible for Editor in 0.33 ms, found 0 plugins.
Preloading 0 native plugins for Editor in 0.00 ms.
Unloading 1114 Unused Serialized files (Serialized files now loaded: 0)
System memory in use before: 63.1 MB.
System memory in use after: 63.1 MB.

Unloading 5 unused Assets to reduce memory usage. Loaded Objects now: 1630.
Total: 2.559900 ms (FindLiveObjects: 0.207000 ms CreateObjectMapping: 0.056000 ms MarkObjects: 2.241000 ms  DeleteObjects: 0.054000 ms)

========================================================================
Received Prepare
Registering precompiled user dll's ...
Registered in 0.000448 seconds.
Begin MonoManager ReloadAssembly
Native extension for WindowsStandalone target not found
Refreshing native plugins compatible for Editor in 0.19 ms, found 0 plugins.
Preloading 0 native plugins for Editor in 0.00 ms.
Mono: successfully reloaded assembly
- Completed reload, in  0.701 seconds
Platform modules already initialized, skipping
Refreshing native plugins compatible for Editor in 0.21 ms, found 0 plugins.
Preloading 0 native plugins for Editor in 0.00 ms.
Unloading 1114 Unused Serialized files (Serialized files now loaded: 0)
System memory in use before: 63.1 MB.
System memory in use after: 63.2 MB.

Unloading 5 unused Assets to reduce memory usage. Loaded Objects now: 1633.
Total: 5.780400 ms (FindLiveObjects: 0.438300 ms CreateObjectMapping: 0.140700 ms MarkObjects: 5.090200 ms  DeleteObjects: 0.107500 ms)

========================================================================
Received Prepare
Registering precompiled user dll's ...
Registered in 0.000427 seconds.
Begin MonoManager ReloadAssembly
Native extension for WindowsStandalone target not found
Refreshing native plugins compatible for Editor in 0.21 ms, found 0 plugins.
Preloading 0 native plugins for Editor in 0.00 ms.
Mono: successfully reloaded assembly
- Completed reload, in  0.736 seconds
Platform modules already initialized, skipping
Refreshing native plugins compatible for Editor in 0.55 ms, found 0 plugins.
Preloading 0 native plugins for Editor in 0.00 ms.
Unloading 1114 Unused Serialized files (Serialized files now loaded: 0)
System memory in use before: 63.1 MB.
System memory in use after: 63.2 MB.

Unloading 5 unused Assets to reduce memory usage. Loaded Objects now: 1636.
Total: 1.507200 ms (FindLiveObjects: 0.146500 ms CreateObjectMapping: 0.043900 ms MarkObjects: 1.275700 ms  DeleteObjects: 0.039900 ms)

========================================================================
Received Import Request.
  Time since last request: 1619.705615 seconds.
  path: Assets/Scripts/PlayerRotate.cs
  artifactKey: Guid(361a313b839a5084f8315d67f83ee844) Importer(815301076,1909f56bfc062723c751e8b465ee728b)
Start importing Assets/Scripts/PlayerRotate.cs using Guid(361a313b839a5084f8315d67f83ee844) Importer(815301076,1909f56bfc062723c751e8b465ee728b)  -> (artifact id: '51aa14a191d85c23cc0cceec92e3eb53') in 0.003465 seconds
  Import took 0.005476 seconds .

========================================================================
Received Import Request.
  Time since last request: 0.003845 seconds.
  path: Assets/Scripts/PlayerRotate.cs
  artifactKey: Guid(361a313b839a5084f8315d67f83ee844) Importer(815301076,1909f56bfc062723c751e8b465ee728b)
Start importing Assets/Scripts/PlayerRotate.cs using Guid(361a313b839a5084f8315d67f83ee844) Importer(815301076,1909f56bfc062723c751e8b465ee728b)  -> (artifact id: '51aa14a191d85c23cc0cceec92e3eb53') in 0.002242 seconds
  Import took 0.004489 seconds .

========================================================================
Received Prepare
Registering precompiled user dll's ...
Registered in 0.000481 seconds.
Begin MonoManager ReloadAssembly
Native extension for WindowsStandalone target not found
Refreshing native plugins compatible for Editor in 0.19 ms, found 0 plugins.
Preloading 0 native plugins for Editor in 0.00 ms.
Mono: successfully reloaded assembly
- Completed reload, in  0.670 seconds
Platform modules already initialized, skipping
Refreshing native plugins compatible for Editor in 0.20 ms, found 0 plugins.
Preloading 0 native plugins for Editor in 0.00 ms.
Unloading 1114 Unused Serialized files (Serialized files now loaded: 0)
System memory in use before: 63.1 MB.
System memory in use after: 63.2 MB.

Unloading 5 unused Assets to reduce memory usage. Loaded Objects now: 1639.
Total: 2.554800 ms (FindLiveObjects: 0.200600 ms CreateObjectMapping: 0.053200 ms MarkObjects: 2.238400 ms  DeleteObjects: 0.061000 ms)

========================================================================
Received Prepare
Registering precompiled user dll's ...
Registered in 0.000467 seconds.
Begin MonoManager ReloadAssembly
Native extension for WindowsStandalone target not found
Refreshing native plugins compatible for Editor in 0.19 ms, found 0 plugins.
Preloading 0 native plugins for Editor in 0.00 ms.
Mono: successfully reloaded assembly
- Completed reload, in  0.722 seconds
Platform modules already initialized, skipping
Refreshing native plugins compatible for Editor in 0.22 ms, found 0 plugins.
Preloading 0 native plugins for Editor in 0.00 ms.
Unloading 1114 Unused Serialized files (Serialized files now loaded: 0)
System memory in use before: 63.1 MB.
System memory in use after: 63.2 MB.

Unloading 5 unused Assets to reduce memory usage. Loaded Objects now: 1642.
Total: 2.277500 ms (FindLiveObjects: 0.447100 ms CreateObjectMapping: 0.115600 ms MarkObjects: 1.669700 ms  DeleteObjects: 0.043800 ms)

========================================================================
Received Prepare
Registering precompiled user dll's ...
Registered in 0.000576 seconds.
Begin MonoManager ReloadAssembly
Native extension for WindowsStandalone target not found
Refreshing native plugins compatible for Editor in 0.19 ms, found 0 plugins.
Preloading 0 native plugins for Editor in 0.00 ms.
Mono: successfully reloaded assembly
- Completed reload, in  0.732 seconds
Platform modules already initialized, skipping
Refreshing native plugins compatible for Editor in 0.18 ms, found 0 plugins.
Preloading 0 native plugins for Editor in 0.00 ms.
Unloading 1114 Unused Serialized files (Serialized files now loaded: 0)
System memory in use before: 63.1 MB.
System memory in use after: 63.2 MB.

Unloading 5 unused Assets to reduce memory usage. Loaded Objects now: 1645.
Total: 1.587700 ms (FindLiveObjects: 0.193400 ms CreateObjectMapping: 0.040500 ms MarkObjects: 1.310500 ms  DeleteObjects: 0.042000 ms)

========================================================================
Received Prepare
Registering precompiled user dll's ...
Registered in 0.000483 seconds.
Begin MonoManager ReloadAssembly
Native extension for WindowsStandalone target not found
Refreshing native plugins compatible for Editor in 0.38 ms, found 0 plugins.
Preloading 0 native plugins for Editor in 0.00 ms.
Mono: successfully reloaded assembly
- Completed reload, in  0.683 seconds
Platform modules already initialized, skipping
Refreshing native plugins compatible for Editor in 0.18 ms, found 0 plugins.
Preloading 0 native plugins for Editor in 0.00 ms.
Unloading 1114 Unused Serialized files (Serialized files now loaded: 0)
System memory in use before: 63.1 MB.
System memory in use after: 63.2 MB.

Unloading 5 unused Assets to reduce memory usage. Loaded Objects now: 1648.
Total: 1.551300 ms (FindLiveObjects: 0.148200 ms CreateObjectMapping: 0.033700 ms MarkObjects: 1.329900 ms  DeleteObjects: 0.038800 ms)

========================================================================
Received Import Request.
  Time since last request: 499.877722 seconds.
  path: Assets/Prefabs/Bullet.prefab
  artifactKey: Guid(7a317af25b318aa4cb5c6382c73bef90) Importer(815301076,1909f56bfc062723c751e8b465ee728b)
Start importing Assets/Prefabs/Bullet.prefab using Guid(7a317af25b318aa4cb5c6382c73bef90) Importer(815301076,1909f56bfc062723c751e8b465ee728b)  -> (artifact id: '430c91fa734aee9bc38d69f6a4398a42') in 0.049634 seconds
  Import took 0.052563 seconds .

========================================================================
Received Import Request.
  Time since last request: 0.013739 seconds.
  path: Assets/Prefabs/Bullet.prefab
  artifactKey: Guid(7a317af25b318aa4cb5c6382c73bef90) Importer(815301076,1909f56bfc062723c751e8b465ee728b)
Start importing Assets/Prefabs/Bullet.prefab using Guid(7a317af25b318aa4cb5c6382c73bef90) Importer(815301076,1909f56bfc062723c751e8b465ee728b)  -> (artifact id: '430c91fa734aee9bc38d69f6a4398a42') in 0.005952 seconds
  Import took 0.007822 seconds .

========================================================================
Received Prepare
Registering precompiled user dll's ...
Registered in 0.000454 seconds.
Begin MonoManager ReloadAssembly
Native extension for WindowsStandalone target not found
Refreshing native plugins compatible for Editor in 0.19 ms, found 0 plugins.
Preloading 0 native plugins for Editor in 0.00 ms.
Mono: successfully reloaded assembly
- Completed reload, in  0.702 seconds
Platform modules already initialized, skipping
Refreshing native plugins compatible for Editor in 0.18 ms, found 0 plugins.
Preloading 0 native plugins for Editor in 0.00 ms.
Unloading 1114 Unused Serialized files (Serialized files now loaded: 0)
System memory in use before: 63.1 MB.
System memory in use after: 63.2 MB.

Unloading 6 unused Assets to reduce memory usage. Loaded Objects now: 1652.
Total: 1.610300 ms (FindLiveObjects: 0.126200 ms CreateObjectMapping: 0.031700 ms MarkObjects: 1.407300 ms  DeleteObjects: 0.044300 ms)

========================================================================
Received Prepare
Registering precompiled user dll's ...
Registered in 0.000457 seconds.
Begin MonoManager ReloadAssembly
Native extension for WindowsStandalone target not found
Refreshing native plugins compatible for Editor in 0.22 ms, found 0 plugins.
Preloading 0 native plugins for Editor in 0.00 ms.
Mono: successfully reloaded assembly
- Completed reload, in  0.740 seconds
Platform modules already initialized, skipping
Refreshing native plugins compatible for Editor in 0.18 ms, found 0 plugins.
Preloading 0 native plugins for Editor in 0.00 ms.
Unloading 1114 Unused Serialized files (Serialized files now loaded: 0)
System memory in use before: 63.2 MB.
System memory in use after: 63.2 MB.

Unloading 5 unused Assets to reduce memory usage. Loaded Objects now: 1655.
Total: 2.047200 ms (FindLiveObjects: 0.240300 ms CreateObjectMapping: 0.069700 ms MarkObjects: 1.666800 ms  DeleteObjects: 0.068700 ms)

========================================================================
Received Import Request.
  Time since last request: 581.655408 seconds.
  path: Assets/Prefabs/Bullet.prefab
  artifactKey: Guid(7a317af25b318aa4cb5c6382c73bef90) Importer(815301076,1909f56bfc062723c751e8b465ee728b)
Start importing Assets/Prefabs/Bullet.prefab using Guid(7a317af25b318aa4cb5c6382c73bef90) Importer(815301076,1909f56bfc062723c751e8b465ee728b)  -> (artifact id: '10c55e34712e02d21396b290de1fdd6f') in 0.050881 seconds
  Import took 0.056497 seconds .

========================================================================
Received Prepare
Registering precompiled user dll's ...
Registered in 0.000754 seconds.
Begin MonoManager ReloadAssembly
Native extension for WindowsStandalone target not found
Refreshing native plugins compatible for Editor in 0.30 ms, found 0 plugins.
Preloading 0 native plugins for Editor in 0.00 ms.
Mono: successfully reloaded assembly
- Completed reload, in  0.812 seconds
Platform modules already initialized, skipping
Refreshing native plugins compatible for Editor in 0.31 ms, found 0 plugins.
Preloading 0 native plugins for Editor in 0.00 ms.
Unloading 1114 Unused Serialized files (Serialized files now loaded: 0)
System memory in use before: 63.2 MB.
System memory in use after: 63.3 MB.

Unloading 6 unused Assets to reduce memory usage. Loaded Objects now: 1659.
Total: 5.927300 ms (FindLiveObjects: 1.317000 ms CreateObjectMapping: 0.296400 ms MarkObjects: 4.208600 ms  DeleteObjects: 0.102100 ms)

========================================================================
Received Prepare
Registering precompiled user dll's ...
Registered in 0.000485 seconds.
Begin MonoManager ReloadAssembly
Native extension for WindowsStandalone target not found
Refreshing native plugins compatible for Editor in 0.18 ms, found 0 plugins.
Preloading 0 native plugins for Editor in 0.00 ms.
Mono: successfully reloaded assembly
- Completed reload, in  0.702 seconds
Platform modules already initialized, skipping
Refreshing native plugins compatible for Editor in 0.18 ms, found 0 plugins.
Preloading 0 native plugins for Editor in 0.00 ms.
Unloading 1114 Unused Serialized files (Serialized files now loaded: 0)
System memory in use before: 63.2 MB.
System memory in use after: 63.3 MB.

Unloading 5 unused Assets to reduce memory usage. Loaded Objects now: 1662.
Total: 5.024600 ms (FindLiveObjects: 0.412500 ms CreateObjectMapping: 0.159800 ms MarkObjects: 4.338100 ms  DeleteObjects: 0.110900 ms)

========================================================================
Received Import Request.
  Time since last request: 42.625216 seconds.
  path: Assets/Prefabs/Bullet.prefab
  artifactKey: Guid(7a317af25b318aa4cb5c6382c73bef90) Importer(815301076,1909f56bfc062723c751e8b465ee728b)
Start importing Assets/Prefabs/Bullet.prefab using Guid(7a317af25b318aa4cb5c6382c73bef90) Importer(815301076,1909f56bfc062723c751e8b465ee728b)  -> (artifact id: 'ef67a77476fc5f5d4d5847b964643fe5') in 0.046113 seconds
  Import took 0.048800 seconds .

========================================================================
Received Prepare
Registering precompiled user dll's ...
Registered in 0.000613 seconds.
Begin MonoManager ReloadAssembly
Native extension for WindowsStandalone target not found
Refreshing native plugins compatible for Editor in 0.19 ms, found 0 plugins.
Preloading 0 native plugins for Editor in 0.00 ms.
Mono: successfully reloaded assembly
- Completed reload, in  0.680 seconds
Platform modules already initialized, skipping
Refreshing native plugins compatible for Editor in 0.19 ms, found 0 plugins.
Preloading 0 native plugins for Editor in 0.00 ms.
Unloading 1114 Unused Serialized files (Serialized files now loaded: 0)
System memory in use before: 63.2 MB.
System memory in use after: 63.3 MB.

Unloading 6 unused Assets to reduce memory usage. Loaded Objects now: 1666.
Total: 3.545100 ms (FindLiveObjects: 0.790100 ms CreateObjectMapping: 0.157600 ms MarkObjects: 2.532300 ms  DeleteObjects: 0.062200 ms)

========================================================================
Received Prepare
Registering precompiled user dll's ...
Registered in 0.000485 seconds.
Begin MonoManager ReloadAssembly
Native extension for WindowsStandalone target not found
Refreshing native plugins compatible for Editor in 0.19 ms, found 0 plugins.
Preloading 0 native plugins for Editor in 0.00 ms.
Mono: successfully reloaded assembly
- Completed reload, in  0.698 seconds
Platform modules already initialized, skipping
Refreshing native plugins compatible for Editor in 0.18 ms, found 0 plugins.
Preloading 0 native plugins for Editor in 0.00 ms.
Unloading 1114 Unused Serialized files (Serialized files now loaded: 0)
System memory in use before: 63.2 MB.
System memory in use after: 63.3 MB.

Unloading 5 unused Assets to reduce memory usage. Loaded Objects now: 1669.
Total: 1.687700 ms (FindLiveObjects: 0.164000 ms CreateObjectMapping: 0.048900 ms MarkObjects: 1.430000 ms  DeleteObjects: 0.043900 ms)

========================================================================
Received Import Request.
  Time since last request: 1725.819865 seconds.
  path: Assets/Prefabs/Bullet.prefab
  artifactKey: Guid(7a317af25b318aa4cb5c6382c73bef90) Importer(815301076,1909f56bfc062723c751e8b465ee728b)
Start importing Assets/Prefabs/Bullet.prefab using Guid(7a317af25b318aa4cb5c6382c73bef90) Importer(815301076,1909f56bfc062723c751e8b465ee728b)  -> (artifact id: '450bb85816921aa896702281dd226689') in 0.052464 seconds
  Import took 0.054329 seconds .

========================================================================
Received Prepare
Registering precompiled user dll's ...
Registered in 0.000436 seconds.
Begin MonoManager ReloadAssembly
Native extension for WindowsStandalone target not found
Refreshing native plugins compatible for Editor in 0.18 ms, found 0 plugins.
Preloading 0 native plugins for Editor in 0.00 ms.
Mono: successfully reloaded assembly
- Completed reload, in  0.639 seconds
Platform modules already initialized, skipping
Refreshing native plugins compatible for Editor in 0.26 ms, found 0 plugins.
Preloading 0 native plugins for Editor in 0.00 ms.
Unloading 1114 Unused Serialized files (Serialized files now loaded: 0)
System memory in use before: 63.2 MB.
System memory in use after: 63.3 MB.

Unloading 6 unused Assets to reduce memory usage. Loaded Objects now: 1673.
Total: 1.761700 ms (FindLiveObjects: 0.166200 ms CreateObjectMapping: 0.032900 ms MarkObjects: 1.520000 ms  DeleteObjects: 0.041800 ms)

========================================================================
Received Import Request.
  Time since last request: 23.040573 seconds.
  path: Assets/Prefabs/Bullet.prefab
  artifactKey: Guid(7a317af25b318aa4cb5c6382c73bef90) Importer(815301076,1909f56bfc062723c751e8b465ee728b)
Start importing Assets/Prefabs/Bullet.prefab using Guid(7a317af25b318aa4cb5c6382c73bef90) Importer(815301076,1909f56bfc062723c751e8b465ee728b)  -> (artifact id: '383f9e2be41d2d2c40f24a0be381812c') in 0.042716 seconds
  Import took 0.044595 seconds .

========================================================================
Received Prepare
Registering precompiled user dll's ...
Registered in 0.000454 seconds.
Begin MonoManager ReloadAssembly
Native extension for WindowsStandalone target not found
Refreshing native plugins compatible for Editor in 0.19 ms, found 0 plugins.
Preloading 0 native plugins for Editor in 0.00 ms.
Mono: successfully reloaded assembly
- Completed reload, in  0.713 seconds
Platform modules already initialized, skipping
Refreshing native plugins compatible for Editor in 0.19 ms, found 0 plugins.
Preloading 0 native plugins for Editor in 0.00 ms.
Unloading 1114 Unused Serialized files (Serialized files now loaded: 0)
System memory in use before: 63.2 MB.
System memory in use after: 63.3 MB.

Unloading 6 unused Assets to reduce memory usage. Loaded Objects now: 1677.
Total: 1.770600 ms (FindLiveObjects: 0.124900 ms CreateObjectMapping: 0.030100 ms MarkObjects: 1.555400 ms  DeleteObjects: 0.059300 ms)

========================================================================
Received Prepare
Registering precompiled user dll's ...
Registered in 0.000514 seconds.
Begin MonoManager ReloadAssembly
Native extension for WindowsStandalone target not found
Refreshing native plugins compatible for Editor in 0.20 ms, found 0 plugins.
Preloading 0 native plugins for Editor in 0.00 ms.
Mono: successfully reloaded assembly
- Completed reload, in  0.740 seconds
Platform modules already initialized, skipping
Refreshing native plugins compatible for Editor in 0.19 ms, found 0 plugins.
Preloading 0 native plugins for Editor in 0.00 ms.
Unloading 1114 Unused Serialized files (Serialized files now loaded: 0)
System memory in use before: 63.2 MB.
System memory in use after: 63.3 MB.

Unloading 5 unused Assets to reduce memory usage. Loaded Objects now: 1680.
Total: 1.808100 ms (FindLiveObjects: 0.163100 ms CreateObjectMapping: 0.048300 ms MarkObjects: 1.543200 ms  DeleteObjects: 0.052100 ms)

========================================================================
Received Prepare
Registering precompiled user dll's ...
Registered in 0.000547 seconds.
Begin MonoManager ReloadAssembly
Native extension for WindowsStandalone target not found
Refreshing native plugins compatible for Editor in 0.18 ms, found 0 plugins.
Preloading 0 native plugins for Editor in 0.00 ms.
Mono: successfully reloaded assembly
- Completed reload, in  0.712 seconds
Platform modules already initialized, skipping
Refreshing native plugins compatible for Editor in 0.18 ms, found 0 plugins.
Preloading 0 native plugins for Editor in 0.00 ms.
Unloading 1114 Unused Serialized files (Serialized files now loaded: 0)
System memory in use before: 63.2 MB.
System memory in use after: 63.3 MB.

Unloading 5 unused Assets to reduce memory usage. Loaded Objects now: 1683.
Total: 1.805200 ms (FindLiveObjects: 0.202500 ms CreateObjectMapping: 0.061500 ms MarkObjects: 1.471900 ms  DeleteObjects: 0.068400 ms)

========================================================================
Received Prepare
Registering precompiled user dll's ...
Registered in 0.000891 seconds.
Begin MonoManager ReloadAssembly
Native extension for WindowsStandalone target not found
Refreshing native plugins compatible for Editor in 0.19 ms, found 0 plugins.
Preloading 0 native plugins for Editor in 0.00 ms.
Mono: successfully reloaded assembly
- Completed reload, in  0.821 seconds
Platform modules already initialized, skipping
Refreshing native plugins compatible for Editor in 0.51 ms, found 0 plugins.
Preloading 0 native plugins for Editor in 0.00 ms.
Unloading 1114 Unused Serialized files (Serialized files now loaded: 0)
System memory in use before: 63.3 MB.
System memory in use after: 63.3 MB.

Unloading 5 unused Assets to reduce memory usage. Loaded Objects now: 1686.
Total: 1.962500 ms (FindLiveObjects: 0.169900 ms CreateObjectMapping: 0.045300 ms MarkObjects: 1.667000 ms  DeleteObjects: 0.078400 ms)

========================================================================
Received Import Request.
  Time since last request: 4987.875506 seconds.
  path: Assets/Images
  artifactKey: Guid(b064e5d26f687fa478ec4a42a2d46ee3) Importer(815301076,1909f56bfc062723c751e8b465ee728b)
Start importing Assets/Images using Guid(b064e5d26f687fa478ec4a42a2d46ee3) Importer(815301076,1909f56bfc062723c751e8b465ee728b)  -> (artifact id: '24026eec8b5f85f47f757570de510102') in 0.007647 seconds
  Import took 0.011662 seconds .

========================================================================
Received Import Request.
  Time since last request: 12.936413 seconds.
  path: Assets/Images/crosshair.png
  artifactKey: Guid(eddd96bc916667041bab1b03dc69af81) Importer(815301076,1909f56bfc062723c751e8b465ee728b)
Start importing Assets/Images/crosshair.png using Guid(eddd96bc916667041bab1b03dc69af81) Importer(815301076,1909f56bfc062723c751e8b465ee728b)  -> (artifact id: '44d10b1d09a4d16e1b12c0a85ec5b543') in 0.052997 seconds
  Import took 0.055376 seconds .

========================================================================
Received Import Request.
  Time since last request: 304.846391 seconds.
  path: Assets/Images/crosshair.png
  artifactKey: Guid(eddd96bc916667041bab1b03dc69af81) Importer(815301076,1909f56bfc062723c751e8b465ee728b)
Start importing Assets/Images/crosshair.png using Guid(eddd96bc916667041bab1b03dc69af81) Importer(815301076,1909f56bfc062723c751e8b465ee728b)  -> (artifact id: '2ebdda877aa839e407f07942aa878722') in 0.044340 seconds
  Import took 0.046596 seconds .

========================================================================
Received Prepare
Registering precompiled user dll's ...
Registered in 0.000501 seconds.
Begin MonoManager ReloadAssembly
Native extension for WindowsStandalone target not found
Refreshing native plugins compatible for Editor in 0.23 ms, found 0 plugins.
Preloading 0 native plugins for Editor in 0.00 ms.
Mono: successfully reloaded assembly
- Completed reload, in  0.689 seconds
Platform modules already initialized, skipping
Refreshing native plugins compatible for Editor in 0.18 ms, found 0 plugins.
Preloading 0 native plugins for Editor in 0.00 ms.
Unloading 1114 Unused Serialized files (Serialized files now loaded: 0)
System memory in use before: 63.3 MB.
System memory in use after: 63.4 MB.

Unloading 5 unused Assets to reduce memory usage. Loaded Objects now: 1692.
Total: 1.830800 ms (FindLiveObjects: 0.166000 ms CreateObjectMapping: 0.041100 ms MarkObjects: 1.576700 ms  DeleteObjects: 0.045800 ms)

========================================================================
Received Prepare
Registering precompiled user dll's ...
Registered in 0.000426 seconds.
Begin MonoManager ReloadAssembly
Native extension for WindowsStandalone target not found
Refreshing native plugins compatible for Editor in 0.22 ms, found 0 plugins.
Preloading 0 native plugins for Editor in 0.00 ms.
Mono: successfully reloaded assembly
- Completed reload, in  0.745 seconds
Platform modules already initialized, skipping
Refreshing native plugins compatible for Editor in 0.19 ms, found 0 plugins.
Preloading 0 native plugins for Editor in 0.00 ms.
Unloading 1114 Unused Serialized files (Serialized files now loaded: 0)
System memory in use before: 63.3 MB.
System memory in use after: 63.4 MB.

Unloading 5 unused Assets to reduce memory usage. Loaded Objects now: 1695.
Total: 6.355000 ms (FindLiveObjects: 0.591100 ms CreateObjectMapping: 0.199600 ms MarkObjects: 5.395200 ms  DeleteObjects: 0.164800 ms)

========================================================================
Received Prepare
Registering precompiled user dll's ...
Registered in 0.003331 seconds.
Begin MonoManager ReloadAssembly
Native extension for WindowsStandalone target not found
Refreshing native plugins compatible for Editor in 0.20 ms, found 0 plugins.
Preloading 0 native plugins for Editor in 0.00 ms.
Mono: successfully reloaded assembly
- Completed reload, in  0.699 seconds
Platform modules already initialized, skipping
Refreshing native plugins compatible for Editor in 0.20 ms, found 0 plugins.
Preloading 0 native plugins for Editor in 0.00 ms.
Unloading 1248 Unused Serialized files (Serialized files now loaded: 0)
System memory in use before: 76.6 MB.
System memory in use after: 71.9 MB.

Unloading 70 unused Assets to reduce memory usage. Loaded Objects now: 1767.
Total: 3.243200 ms (FindLiveObjects: 0.169200 ms CreateObjectMapping: 0.039800 ms MarkObjects: 1.561900 ms  DeleteObjects: 1.470800 ms)

========================================================================
Received Import Request.
  Time since last request: 776.581983 seconds.
  path: Assets/PE2D/Particle Effects/Scenes
  artifactKey: Guid(572d4c2214070490abdf4a6c87515e43) Importer(815301076,1909f56bfc062723c751e8b465ee728b)
Start importing Assets/PE2D/Particle Effects/Scenes using Guid(572d4c2214070490abdf4a6c87515e43) Importer(815301076,1909f56bfc062723c751e8b465ee728b)  -> (artifact id: '61bed54b0ba6bfeb15b2bda882fe0acc') in 0.008237 seconds
  Import took 0.011073 seconds .

========================================================================
Received Import Request.
  Time since last request: 0.006977 seconds.
  path: Assets/PE2D/Particle Effects/Scenes
  artifactKey: Guid(572d4c2214070490abdf4a6c87515e43) Importer(815301076,1909f56bfc062723c751e8b465ee728b)
Start importing Assets/PE2D/Particle Effects/Scenes using Guid(572d4c2214070490abdf4a6c87515e43) Importer(815301076,1909f56bfc062723c751e8b465ee728b)  -> (artifact id: '61bed54b0ba6bfeb15b2bda882fe0acc') in 0.001868 seconds
  Import took 0.004380 seconds .

========================================================================
Received Import Request.
  Time since last request: 2.786641 seconds.
  path: Assets/PE2D/Particle Effects/Scenes/Demo Scene Effectors.unity
  artifactKey: Guid(72e15ca5dba48436caee6239ba778087) Importer(815301076,1909f56bfc062723c751e8b465ee728b)
Start importing Assets/PE2D/Particle Effects/Scenes/Demo Scene Effectors.unity using Guid(72e15ca5dba48436caee6239ba778087) Importer(815301076,1909f56bfc062723c751e8b465ee728b)  -> (artifact id: '71fae31cd8d46dd0d3b3e6dbf5c56347') in 0.014034 seconds
  Import took 0.015839 seconds .

========================================================================
Received Import Request.
  Time since last request: 26.382875 seconds.
  path: Assets/PE2D/Particle Effects/Prefabs/Particle.prefab
  artifactKey: Guid(9d6c0fa203b314ca4a8f296d13a8bc5b) Importer(815301076,1909f56bfc062723c751e8b465ee728b)
Start importing Assets/PE2D/Particle Effects/Prefabs/Particle.prefab using Guid(9d6c0fa203b314ca4a8f296d13a8bc5b) Importer(815301076,1909f56bfc062723c751e8b465ee728b)  -> (artifact id: 'd50d611368754a4b3e2da87ef4ff1aee') in 0.051347 seconds
  Import took 0.053699 seconds .

========================================================================
Received Import Request.
  Time since last request: 0.017799 seconds.
  path: Assets/PE2D/Particle Effects/Prefabs/Particle.prefab
  artifactKey: Guid(9d6c0fa203b314ca4a8f296d13a8bc5b) Importer(815301076,1909f56bfc062723c751e8b465ee728b)
Start importing Assets/PE2D/Particle Effects/Prefabs/Particle.prefab using Guid(9d6c0fa203b314ca4a8f296d13a8bc5b) Importer(815301076,1909f56bfc062723c751e8b465ee728b)  -> (artifact id: 'd50d611368754a4b3e2da87ef4ff1aee') in 0.006225 seconds
  Import took 0.008226 seconds .

========================================================================
Received Import Request.
  Time since last request: 12.121320 seconds.
  path: Assets/PE2D/Particle Effects/Prefabs/Emitters
  artifactKey: Guid(a4ea2355d998d4b7389d3cdce8c7101b) Importer(815301076,1909f56bfc062723c751e8b465ee728b)
Start importing Assets/PE2D/Particle Effects/Prefabs/Emitters using Guid(a4ea2355d998d4b7389d3cdce8c7101b) Importer(815301076,1909f56bfc062723c751e8b465ee728b)  -> (artifact id: '230ed0cd47532c8ff4f347a457071be8') in 0.007285 seconds
  Import took 0.009626 seconds .

========================================================================
Received Prepare
Registering precompiled user dll's ...
Registered in 0.000508 seconds.
Begin MonoManager ReloadAssembly
Native extension for WindowsStandalone target not found
Refreshing native plugins compatible for Editor in 0.20 ms, found 0 plugins.
Preloading 0 native plugins for Editor in 0.00 ms.
Mono: successfully reloaded assembly
- Completed reload, in  0.715 seconds
Platform modules already initialized, skipping
Refreshing native plugins compatible for Editor in 0.24 ms, found 0 plugins.
Preloading 0 native plugins for Editor in 0.00 ms.
Unloading 1248 Unused Serialized files (Serialized files now loaded: 0)
System memory in use before: 76.6 MB.
System memory in use after: 72.0 MB.

Unloading 70 unused Assets to reduce memory usage. Loaded Objects now: 1771.
Total: 2.797400 ms (FindLiveObjects: 0.145600 ms CreateObjectMapping: 0.046100 ms MarkObjects: 1.507400 ms  DeleteObjects: 1.097400 ms)

========================================================================
Received Import Request.
  Time since last request: 570.968266 seconds.
  path: Assets/Hovl Studio/Procedural fire
  artifactKey: Guid(2d64942fe7ee62d45b4390f432692f2d) Importer(815301076,1909f56bfc062723c751e8b465ee728b)
Start importing Assets/Hovl Studio/Procedural fire using Guid(2d64942fe7ee62d45b4390f432692f2d) Importer(815301076,1909f56bfc062723c751e8b465ee728b)  -> (artifact id: '339b2a1f79833ce91ae249d48acccc48') in 0.012190 seconds
  Import took 0.015253 seconds .

========================================================================
Received Import Request.
  Time since last request: 3.045917 seconds.
  path: Assets/Hovl Studio/Procedural fire/Demo scene
  artifactKey: Guid(bf9298fc06c57994cbbf8b021b1820f4) Importer(815301076,1909f56bfc062723c751e8b465ee728b)
Start importing Assets/Hovl Studio/Procedural fire/Demo scene using Guid(bf9298fc06c57994cbbf8b021b1820f4) Importer(815301076,1909f56bfc062723c751e8b465ee728b)  -> (artifact id: '686939a4202f3bf39a219a9936d41be9') in 0.008765 seconds
  Import took 0.011331 seconds .

========================================================================
Received Import Request.
  Time since last request: 3.877683 seconds.
  path: Assets/Hovl Studio/Procedural fire/Demo scene/Demo fire.unity
  artifactKey: Guid(4eef2ef4e641de143ba1000e4c684d1a) Importer(815301076,1909f56bfc062723c751e8b465ee728b)
Start importing Assets/Hovl Studio/Procedural fire/Demo scene/Demo fire.unity using Guid(4eef2ef4e641de143ba1000e4c684d1a) Importer(815301076,1909f56bfc062723c751e8b465ee728b)  -> (artifact id: 'cd363ad12952f9a86dae260e54ff932b') in 0.015109 seconds
  Import took 0.017340 seconds .

========================================================================
Received Import Request.
  Time since last request: 13.239543 seconds.
  path: Assets/Hovl Studio/Procedural fire/Materials/FireSphere1.mat
  artifactKey: Guid(14fab0de6c54324468738e7b38a88207) Importer(815301076,1909f56bfc062723c751e8b465ee728b)
Start importing Assets/Hovl Studio/Procedural fire/Materials/FireSphere1.mat using Guid(14fab0de6c54324468738e7b38a88207) Importer(815301076,1909f56bfc062723c751e8b465ee728b)  -> (artifact id: 'f9432e35088da79d4313f31ad66e6f35') in 0.187747 seconds
  Import took 0.190683 seconds .

========================================================================
Received Import Request.
  Time since last request: 24.223302 seconds.
  path: Assets/Hovl Studio/Procedural fire/Materials/Smoke26.mat
  artifactKey: Guid(1fd724d226066ad4cbc105d4ad53a444) Importer(815301076,1909f56bfc062723c751e8b465ee728b)
Start importing Assets/Hovl Studio/Procedural fire/Materials/Smoke26.mat using Guid(1fd724d226066ad4cbc105d4ad53a444) Importer(815301076,1909f56bfc062723c751e8b465ee728b)  -> (artifact id: '17fcccd99ee6a17ac9d2dac7ebbff530') in 0.049047 seconds
  Import took 0.050978 seconds .

========================================================================
Received Import Request.
  Time since last request: 3.592322 seconds.
  path: Assets/Hovl Studio/Procedural fire/Materials/SparkSphere.mat
  artifactKey: Guid(20e729147a4dad247abfc2305c3dd963) Importer(815301076,1909f56bfc062723c751e8b465ee728b)
Start importing Assets/Hovl Studio/Procedural fire/Materials/SparkSphere.mat using Guid(20e729147a4dad247abfc2305c3dd963) Importer(815301076,1909f56bfc062723c751e8b465ee728b)  -> (artifact id: 'e8c9927a9009452aa689c51c093928c8') in 0.016514 seconds
  Import took 0.021436 seconds .

========================================================================
Received Import Request.
  Time since last request: 0.011166 seconds.
  path: Assets/Hovl Studio/Procedural fire/Materials/SparkSphere.mat
  artifactKey: Guid(20e729147a4dad247abfc2305c3dd963) Importer(815301076,1909f56bfc062723c751e8b465ee728b)
Start importing Assets/Hovl Studio/Procedural fire/Materials/SparkSphere.mat using Guid(20e729147a4dad247abfc2305c3dd963) Importer(815301076,1909f56bfc062723c751e8b465ee728b)  -> (artifact id: 'e8c9927a9009452aa689c51c093928c8') in 0.011921 seconds
  Import took 0.015070 seconds .

========================================================================
Received Prepare
Registering precompiled user dll's ...
Registered in 0.000686 seconds.
Begin MonoManager ReloadAssembly
Native extension for WindowsStandalone target not found
Refreshing native plugins compatible for Editor in 0.28 ms, found 0 plugins.
Preloading 0 native plugins for Editor in 0.00 ms.
Mono: successfully reloaded assembly
- Completed reload, in  0.840 seconds
Platform modules already initialized, skipping
Refreshing native plugins compatible for Editor in 0.46 ms, found 0 plugins.
Preloading 0 native plugins for Editor in 0.00 ms.
Unloading 1249 Unused Serialized files (Serialized files now loaded: 0)
System memory in use before: 77.1 MB.
System memory in use after: 72.5 MB.

Unloading 70 unused Assets to reduce memory usage. Loaded Objects now: 1810.
Total: 7.461500 ms (FindLiveObjects: 1.013200 ms CreateObjectMapping: 0.253000 ms MarkObjects: 3.818200 ms  DeleteObjects: 2.374600 ms)

========================================================================
Received Import Request.
  Time since last request: 34.843731 seconds.
  path: Assets/Hovl Studio/Procedural fire/Prefabs/Explosion.prefab
  artifactKey: Guid(67a684e320da6e7439421a07e3fa265c) Importer(815301076,1909f56bfc062723c751e8b465ee728b)
Start importing Assets/Hovl Studio/Procedural fire/Prefabs/Explosion.prefab using Guid(67a684e320da6e7439421a07e3fa265c) Importer(815301076,1909f56bfc062723c751e8b465ee728b)  -> (artifact id: '79ba1f1403721935e6d396998152d6d6') in 0.029993 seconds
  Import took 0.032989 seconds .

========================================================================
Received Import Request.
  Time since last request: 1139.731501 seconds.
  path: Assets/Scenes/FPS_Scene.unity
  artifactKey: Guid(61d73a3ef7e4e994d8dd46f52ca7064d) Importer(815301076,1909f56bfc062723c751e8b465ee728b)
Start importing Assets/Scenes/FPS_Scene.unity using Guid(61d73a3ef7e4e994d8dd46f52ca7064d) Importer(815301076,1909f56bfc062723c751e8b465ee728b)  -> (artifact id: 'e127d082ad67c47306e9220fd9501776') in 0.008410 seconds
  Import took 0.011028 seconds .

========================================================================
Received Prepare
Registering precompiled user dll's ...
Registered in 0.000513 seconds.
Begin MonoManager ReloadAssembly
Native extension for WindowsStandalone target not found
Refreshing native plugins compatible for Editor in 0.24 ms, found 0 plugins.
Preloading 0 native plugins for Editor in 0.00 ms.
Mono: successfully reloaded assembly
- Completed reload, in  0.736 seconds
Platform modules already initialized, skipping
Refreshing native plugins compatible for Editor in 0.20 ms, found 0 plugins.
Preloading 0 native plugins for Editor in 0.00 ms.
Unloading 1248 Unused Serialized files (Serialized files now loaded: 0)
System memory in use before: 77.0 MB.
System memory in use after: 72.3 MB.

Unloading 70 unused Assets to reduce memory usage. Loaded Objects now: 1813.
Total: 2.692200 ms (FindLiveObjects: 0.229000 ms CreateObjectMapping: 0.066600 ms MarkObjects: 1.311800 ms  DeleteObjects: 1.083500 ms)

========================================================================
Received Prepare
Registering precompiled user dll's ...
Registered in 0.000428 seconds.
Begin MonoManager ReloadAssembly
Native extension for WindowsStandalone target not found
Refreshing native plugins compatible for Editor in 0.38 ms, found 0 plugins.
Preloading 0 native plugins for Editor in 0.00 ms.
Mono: successfully reloaded assembly
- Completed reload, in  0.707 seconds
Platform modules already initialized, skipping
Refreshing native plugins compatible for Editor in 0.20 ms, found 0 plugins.
Preloading 0 native plugins for Editor in 0.00 ms.
Unloading 1248 Unused Serialized files (Serialized files now loaded: 0)
System memory in use before: 77.0 MB.
System memory in use after: 72.4 MB.

Unloading 70 unused Assets to reduce memory usage. Loaded Objects now: 1816.
Total: 2.713700 ms (FindLiveObjects: 0.171800 ms CreateObjectMapping: 0.044700 ms MarkObjects: 1.378400 ms  DeleteObjects: 1.117800 ms)

========================================================================
Received Import Request.
  Time since last request: 460.546195 seconds.
  path: Assets/Hovl Studio/Procedural fire/Prefabs/Explosion.prefab
  artifactKey: Guid(67a684e320da6e7439421a07e3fa265c) Importer(815301076,1909f56bfc062723c751e8b465ee728b)
Start importing Assets/Hovl Studio/Procedural fire/Prefabs/Explosion.prefab using Guid(67a684e320da6e7439421a07e3fa265c) Importer(815301076,1909f56bfc062723c751e8b465ee728b)  -> (artifact id: '8cedf8cd4c56114f190b39dcf3fe9484') in 0.021869 seconds
  Import took 0.024146 seconds .

========================================================================
Received Import Request.
  Time since last request: 0.051166 seconds.
  path: Assets/Hovl Studio/Procedural fire/Prefabs/Explosion.prefab
  artifactKey: Guid(67a684e320da6e7439421a07e3fa265c) Importer(815301076,1909f56bfc062723c751e8b465ee728b)
Start importing Assets/Hovl Studio/Procedural fire/Prefabs/Explosion.prefab using Guid(67a684e320da6e7439421a07e3fa265c) Importer(815301076,1909f56bfc062723c751e8b465ee728b)  -> (artifact id: '8cedf8cd4c56114f190b39dcf3fe9484') in 0.003748 seconds
  Import took 0.006061 seconds .

========================================================================
Received Import Request.
  Time since last request: 42.952772 seconds.
  path: Assets/Scripts/EffectDestroy.cs
  artifactKey: Guid(035ba558af8bc914bbb76124a4758bc0) Importer(815301076,1909f56bfc062723c751e8b465ee728b)
Start importing Assets/Scripts/EffectDestroy.cs using Guid(035ba558af8bc914bbb76124a4758bc0) Importer(815301076,1909f56bfc062723c751e8b465ee728b)  -> (artifact id: 'bce1f60598bcb96432d1a201f77a84ba') in 0.006777 seconds
  Import took 0.008865 seconds .

========================================================================
Received Prepare
Registering precompiled user dll's ...
Registered in 0.000539 seconds.
Begin MonoManager ReloadAssembly
Native extension for WindowsStandalone target not found
Refreshing native plugins compatible for Editor in 0.20 ms, found 0 plugins.
Preloading 0 native plugins for Editor in 0.00 ms.
Mono: successfully reloaded assembly
- Completed reload, in  0.729 seconds
Platform modules already initialized, skipping
Refreshing native plugins compatible for Editor in 0.35 ms, found 0 plugins.
Preloading 0 native plugins for Editor in 0.00 ms.
Unloading 1249 Unused Serialized files (Serialized files now loaded: 0)
System memory in use before: 77.0 MB.
System memory in use after: 72.4 MB.

Unloading 70 unused Assets to reduce memory usage. Loaded Objects now: 1820.
Total: 5.290700 ms (FindLiveObjects: 0.645500 ms CreateObjectMapping: 0.432000 ms MarkObjects: 2.220000 ms  DeleteObjects: 1.990300 ms)

========================================================================
Received Prepare
Registering precompiled user dll's ...
Registered in 0.000449 seconds.
Begin MonoManager ReloadAssembly
Native extension for WindowsStandalone target not found
Refreshing native plugins compatible for Editor in 0.25 ms, found 0 plugins.
Preloading 0 native plugins for Editor in 0.00 ms.
Mono: successfully reloaded assembly
- Completed reload, in  0.734 seconds
Platform modules already initialized, skipping
Refreshing native plugins compatible for Editor in 0.31 ms, found 0 plugins.
Preloading 0 native plugins for Editor in 0.00 ms.
Unloading 1249 Unused Serialized files (Serialized files now loaded: 0)
System memory in use before: 77.0 MB.
System memory in use after: 72.4 MB.

Unloading 70 unused Assets to reduce memory usage. Loaded Objects now: 1823.
Total: 6.162600 ms (FindLiveObjects: 1.156400 ms CreateObjectMapping: 0.307400 ms MarkObjects: 2.657600 ms  DeleteObjects: 2.038000 ms)

========================================================================
Received Prepare
Registering precompiled user dll's ...
Registered in 0.000474 seconds.
Begin MonoManager ReloadAssembly
Native extension for WindowsStandalone target not found
Refreshing native plugins compatible for Editor in 0.21 ms, found 0 plugins.
Preloading 0 native plugins for Editor in 0.00 ms.
Mono: successfully reloaded assembly
- Completed reload, in  0.721 seconds
Platform modules already initialized, skipping
Refreshing native plugins compatible for Editor in 0.21 ms, found 0 plugins.
Preloading 0 native plugins for Editor in 0.00 ms.
Unloading 1249 Unused Serialized files (Serialized files now loaded: 0)
System memory in use before: 77.0 MB.
System memory in use after: 72.4 MB.

Unloading 70 unused Assets to reduce memory usage. Loaded Objects now: 1826.
Total: 5.497000 ms (FindLiveObjects: 0.737500 ms CreateObjectMapping: 0.064900 ms MarkObjects: 3.190100 ms  DeleteObjects: 1.501200 ms)

========================================================================
Received Import Request.
  Time since last request: 561.126604 seconds.
  path: Assets/Hovl Studio/Procedural fire/Materials/FireSphere2.mat
  artifactKey: Guid(2e69c8c236ea65447a07e24d8cbed40b) Importer(815301076,1909f56bfc062723c751e8b465ee728b)
Start importing Assets/Hovl Studio/Procedural fire/Materials/FireSphere2.mat using Guid(2e69c8c236ea65447a07e24d8cbed40b) Importer(815301076,1909f56bfc062723c751e8b465ee728b)  -> (artifact id: 'fb5329a574f2e4830e1d992bb0860668') in 0.081003 seconds
  Import took 0.083628 seconds .

========================================================================
Received Prepare
Registering precompiled user dll's ...
Registered in 0.000449 seconds.
Begin MonoManager ReloadAssembly
Native extension for WindowsStandalone target not found
Refreshing native plugins compatible for Editor in 0.23 ms, found 0 plugins.
Preloading 0 native plugins for Editor in 0.00 ms.
Mono: successfully reloaded assembly
- Completed reload, in  0.712 seconds
Platform modules already initialized, skipping
Refreshing native plugins compatible for Editor in 0.33 ms, found 0 plugins.
Preloading 0 native plugins for Editor in 0.00 ms.
Unloading 1249 Unused Serialized files (Serialized files now loaded: 0)
System memory in use before: 77.0 MB.
System memory in use after: 72.4 MB.

Unloading 70 unused Assets to reduce memory usage. Loaded Objects now: 1830.
Total: 7.214300 ms (FindLiveObjects: 0.831900 ms CreateObjectMapping: 0.221900 ms MarkObjects: 4.556000 ms  DeleteObjects: 1.601300 ms)

========================================================================
Received Prepare
Registering precompiled user dll's ...
Registered in 0.000528 seconds.
Begin MonoManager ReloadAssembly
Native extension for WindowsStandalone target not found
Refreshing native plugins compatible for Editor in 0.24 ms, found 0 plugins.
Preloading 0 native plugins for Editor in 0.00 ms.
Mono: successfully reloaded assembly
- Completed reload, in  0.785 seconds
Platform modules already initialized, skipping
Refreshing native plugins compatible for Editor in 0.21 ms, found 0 plugins.
Preloading 0 native plugins for Editor in 0.00 ms.
Unloading 1249 Unused Serialized files (Serialized files now loaded: 0)
System memory in use before: 77.0 MB.
System memory in use after: 72.4 MB.

Unloading 70 unused Assets to reduce memory usage. Loaded Objects now: 1833.
Total: 12.036200 ms (FindLiveObjects: 0.838200 ms CreateObjectMapping: 0.350200 ms MarkObjects: 6.164600 ms  DeleteObjects: 4.677100 ms)

========================================================================
Received Prepare
Registering precompiled user dll's ...
Registered in 0.001153 seconds.
Begin MonoManager ReloadAssembly
Native extension for WindowsStandalone target not found
Refreshing native plugins compatible for Editor in 0.21 ms, found 0 plugins.
Preloading 0 native plugins for Editor in 0.00 ms.
Mono: successfully reloaded assembly
- Completed reload, in  0.751 seconds
Platform modules already initialized, skipping
Refreshing native plugins compatible for Editor in 0.22 ms, found 0 plugins.
Preloading 0 native plugins for Editor in 0.00 ms.
Unloading 1249 Unused Serialized files (Serialized files now loaded: 0)
System memory in use before: 77.0 MB.
System memory in use after: 72.4 MB.

Unloading 70 unused Assets to reduce memory usage. Loaded Objects now: 1836.
Total: 3.180100 ms (FindLiveObjects: 0.277600 ms CreateObjectMapping: 0.057300 ms MarkObjects: 1.592700 ms  DeleteObjects: 1.251300 ms)

========================================================================
Received Import Request.
  Time since last request: 601.486813 seconds.
  path: Assets/Hovl Studio/Procedural fire/Prefabs/Magic fire 0.prefab
  artifactKey: Guid(08fd1b80cc24cc8439f45fda3c558255) Importer(815301076,1909f56bfc062723c751e8b465ee728b)
Start importing Assets/Hovl Studio/Procedural fire/Prefabs/Magic fire 0.prefab using Guid(08fd1b80cc24cc8439f45fda3c558255) Importer(815301076,1909f56bfc062723c751e8b465ee728b)  -> (artifact id: '98ac5aaddbb9f2f490d2794482fc5921') in 0.032417 seconds
  Import took 0.037372 seconds .

========================================================================
Received Prepare
Registering precompiled user dll's ...
Registered in 0.000610 seconds.
Begin MonoManager ReloadAssembly
Native extension for WindowsStandalone target not found
Refreshing native plugins compatible for Editor in 0.22 ms, found 0 plugins.
Preloading 0 native plugins for Editor in 0.00 ms.
Mono: successfully reloaded assembly
- Completed reload, in  0.695 seconds
Platform modules already initialized, skipping
Refreshing native plugins compatible for Editor in 0.21 ms, found 0 plugins.
Preloading 0 native plugins for Editor in 0.00 ms.
Unloading 1249 Unused Serialized files (Serialized files now loaded: 0)
System memory in use before: 77.1 MB.
System memory in use after: 72.4 MB.

Unloading 70 unused Assets to reduce memory usage. Loaded Objects now: 1839.
Total: 5.894500 ms (FindLiveObjects: 0.723200 ms CreateObjectMapping: 0.198000 ms MarkObjects: 3.773200 ms  DeleteObjects: 1.196900 ms)

========================================================================
Received Import Request.
  Time since last request: 3.572846 seconds.
  path: Assets/Hovl Studio/Procedural fire/Prefabs/Magic fire 0.prefab
  artifactKey: Guid(08fd1b80cc24cc8439f45fda3c558255) Importer(815301076,1909f56bfc062723c751e8b465ee728b)
Start importing Assets/Hovl Studio/Procedural fire/Prefabs/Magic fire 0.prefab using Guid(08fd1b80cc24cc8439f45fda3c558255) Importer(815301076,1909f56bfc062723c751e8b465ee728b)  -> (artifact id: '32d212d5535d04395a8e1bbe0a1e531f') in 0.025076 seconds
  Import took 0.027343 seconds .

========================================================================
Received Prepare
Registering precompiled user dll's ...
Registered in 0.000435 seconds.
Begin MonoManager ReloadAssembly
Native extension for WindowsStandalone target not found
Refreshing native plugins compatible for Editor in 0.26 ms, found 0 plugins.
Preloading 0 native plugins for Editor in 0.00 ms.
Mono: successfully reloaded assembly
- Completed reload, in  0.699 seconds
Platform modules already initialized, skipping
Refreshing native plugins compatible for Editor in 0.41 ms, found 0 plugins.
Preloading 0 native plugins for Editor in 0.00 ms.
Unloading 1249 Unused Serialized files (Serialized files now loaded: 0)
System memory in use before: 77.1 MB.
System memory in use after: 72.4 MB.

Unloading 70 unused Assets to reduce memory usage. Loaded Objects now: 1842.
Total: 2.779300 ms (FindLiveObjects: 0.165500 ms CreateObjectMapping: 0.036200 ms MarkObjects: 1.439100 ms  DeleteObjects: 1.137600 ms)

========================================================================
Received Prepare
Registering precompiled user dll's ...
Registered in 0.000514 seconds.
Begin MonoManager ReloadAssembly
Native extension for WindowsStandalone target not found
Refreshing native plugins compatible for Editor in 0.39 ms, found 0 plugins.
Preloading 0 native plugins for Editor in 0.00 ms.
Mono: successfully reloaded assembly
- Completed reload, in  0.746 seconds
Platform modules already initialized, skipping
Refreshing native plugins compatible for Editor in 0.25 ms, found 0 plugins.
Preloading 0 native plugins for Editor in 0.00 ms.
Unloading 1249 Unused Serialized files (Serialized files now loaded: 0)
System memory in use before: 77.1 MB.
System memory in use after: 72.5 MB.

Unloading 70 unused Assets to reduce memory usage. Loaded Objects now: 1845.
Total: 3.769400 ms (FindLiveObjects: 0.265400 ms CreateObjectMapping: 0.051200 ms MarkObjects: 2.143900 ms  DeleteObjects: 1.307400 ms)

========================================================================
Received Prepare
Registering precompiled user dll's ...
Registered in 0.000491 seconds.
Begin MonoManager ReloadAssembly
Native extension for WindowsStandalone target not found
Refreshing native plugins compatible for Editor in 0.41 ms, found 0 plugins.
Preloading 0 native plugins for Editor in 0.00 ms.
Mono: successfully reloaded assembly
- Completed reload, in  0.705 seconds
Platform modules already initialized, skipping
Refreshing native plugins compatible for Editor in 0.20 ms, found 0 plugins.
Preloading 0 native plugins for Editor in 0.00 ms.
Unloading 1249 Unused Serialized files (Serialized files now loaded: 0)
System memory in use before: 77.1 MB.
System memory in use after: 72.5 MB.

Unloading 70 unused Assets to reduce memory usage. Loaded Objects now: 1848.
Total: 2.571100 ms (FindLiveObjects: 0.156000 ms CreateObjectMapping: 0.045500 ms MarkObjects: 1.290900 ms  DeleteObjects: 1.077700 ms)

========================================================================
Received Import Request.
  Time since last request: 631.056827 seconds.
  path: Assets/Hovl Studio/Procedural fire/Prefabs/Magic fire 0.prefab
  artifactKey: Guid(08fd1b80cc24cc8439f45fda3c558255) Importer(815301076,1909f56bfc062723c751e8b465ee728b)
Start importing Assets/Hovl Studio/Procedural fire/Prefabs/Magic fire 0.prefab using Guid(08fd1b80cc24cc8439f45fda3c558255) Importer(815301076,1909f56bfc062723c751e8b465ee728b)  -> (artifact id: 'cec4ef3ba56ef5f7883c48ffdf404ad5') in 0.041342 seconds
  Import took 0.045034 seconds .

========================================================================
Received Import Request.
  Time since last request: 0.103282 seconds.
  path: Assets/Hovl Studio/Procedural fire/Prefabs/Magic fire 0.prefab
  artifactKey: Guid(08fd1b80cc24cc8439f45fda3c558255) Importer(815301076,1909f56bfc062723c751e8b465ee728b)
Start importing Assets/Hovl Studio/Procedural fire/Prefabs/Magic fire 0.prefab using Guid(08fd1b80cc24cc8439f45fda3c558255) Importer(815301076,1909f56bfc062723c751e8b465ee728b)  -> (artifact id: '79e7110ef4e8d00d44a448b880eef7ca') in 0.004849 seconds
  Import took 0.008787 seconds .

========================================================================
Received Import Request.
  Time since last request: 1.211235 seconds.
  path: Assets/Hovl Studio/Procedural fire/Prefabs/Magic fire 0.prefab
  artifactKey: Guid(08fd1b80cc24cc8439f45fda3c558255) Importer(815301076,1909f56bfc062723c751e8b465ee728b)
Start importing Assets/Hovl Studio/Procedural fire/Prefabs/Magic fire 0.prefab using Guid(08fd1b80cc24cc8439f45fda3c558255) Importer(815301076,1909f56bfc062723c751e8b465ee728b)  -> (artifact id: 'a6cf922138bbb213f52e83f4ca45857f') in 0.004751 seconds
  Import took 0.007683 seconds .

========================================================================
Received Prepare
Registering precompiled user dll's ...
Registered in 0.000767 seconds.
Begin MonoManager ReloadAssembly
Native extension for WindowsStandalone target not found
Refreshing native plugins compatible for Editor in 0.21 ms, found 0 plugins.
Preloading 0 native plugins for Editor in 0.00 ms.
Mono: successfully reloaded assembly
- Completed reload, in  0.730 seconds
Platform modules already initialized, skipping
Refreshing native plugins compatible for Editor in 0.38 ms, found 0 plugins.
Preloading 0 native plugins for Editor in 0.00 ms.
Unloading 1249 Unused Serialized files (Serialized files now loaded: 0)
System memory in use before: 77.1 MB.
System memory in use after: 72.5 MB.

Unloading 70 unused Assets to reduce memory usage. Loaded Objects now: 1851.
Total: 2.949900 ms (FindLiveObjects: 0.183900 ms CreateObjectMapping: 0.042200 ms MarkObjects: 1.608700 ms  DeleteObjects: 1.114300 ms)

========================================================================
Received Prepare
Registering precompiled user dll's ...
Registered in 0.001075 seconds.
Begin MonoManager ReloadAssembly
Native extension for WindowsStandalone target not found
Refreshing native plugins compatible for Editor in 0.28 ms, found 0 plugins.
Preloading 0 native plugins for Editor in 0.00 ms.
Mono: successfully reloaded assembly
- Completed reload, in  0.729 seconds
Platform modules already initialized, skipping
Refreshing native plugins compatible for Editor in 0.28 ms, found 0 plugins.
Preloading 0 native plugins for Editor in 0.00 ms.
Unloading 1249 Unused Serialized files (Serialized files now loaded: 0)
System memory in use before: 77.1 MB.
System memory in use after: 72.5 MB.

Unloading 70 unused Assets to reduce memory usage. Loaded Objects now: 1854.
Total: 7.820300 ms (FindLiveObjects: 0.749600 ms CreateObjectMapping: 0.244000 ms MarkObjects: 4.167100 ms  DeleteObjects: 2.655900 ms)

AssetImportWorkerClient::OnTransportError - code=2 error=End of file
